2024-10-08 16:04:44,870 [INFO] Activator:176 - 


2024-10-08 16:04:44,872 [INFO] Activator:177 - !SESSION log4j initialized
2024-10-08 16:04:48,150 [INFO] LogOutputStream:77 - [STDOUT_REDIRECT] 
2024-10-08 16:04:50,993 [INFO] ApplicationProperties:184 - Using Application install path: C:\ST\STM32CubeIDE_1.15.1\STM32CubeIDE\plugins\com.st.stm32cube.common.mx_6.12.0.202406281431
2024-10-08 16:04:51,007 [INFO] DbMcusXml:78 - Set database path to: C:\ST\STM32CubeIDE_1.15.1\STM32CubeIDE\plugins\com.st.stm32cube.common.mx_6.12.0.202406281431\\db\/mcu/
2024-10-08 16:04:51,007 [INFO] ApiDb:274 - Set plugin database path to: C:\ST\STM32CubeIDE_1.15.1\STM32CubeIDE\plugins\com.st.stm32cube.common.mx_6.12.0.202406281431\\db\/plugins/boardmanager/
2024-10-08 16:04:51,008 [WARN] ApiDb:259 - Overriding images path with different value:  => C:\ST\STM32CubeIDE_1.15.1\STM32CubeIDE\plugins\com.st.stm32cube.common.mx_6.12.0.202406281431\\db\/plugins/mcufinder/images/
2024-10-08 16:04:51,017 [INFO] ApiDb:250 - Set database path to: C:\Users\Visita\.stmcufinder\plugins\mcufinder//mcu/
2024-10-08 16:04:51,018 [INFO] DbMcusAds:125 - Set database path to: C:\Users\Visita\.stmcufinder\plugins\mcufinder//mcu/
2024-10-08 16:04:51,020 [INFO] CrossReferenceDbSqlite:203 - Set database path to: C:\Users\Visita\.stmcufinder\plugins\mcufinder//mcu/cs/
2024-10-08 16:04:51,108 [INFO] RulesReader:64 - Compatibility file has been processed (297 Rules)
2024-10-08 16:04:51,169 [INFO] DbMcusXml:78 - Set database path to: C:\ST\STM32CubeIDE_1.15.1\STM32CubeIDE\plugins\com.st.stm32cube.common.mx_6.12.0.202406281431\\db\/mcu/
2024-10-08 16:04:51,169 [INFO] ApiDb:274 - Set plugin database path to: C:\ST\STM32CubeIDE_1.15.1\STM32CubeIDE\plugins\com.st.stm32cube.common.mx_6.12.0.202406281431\\db\/plugins/boardmanager/
2024-10-08 16:04:51,169 [INFO] ApiDb:261 - Set plugin images path to: C:\ST\STM32CubeIDE_1.15.1\STM32CubeIDE\plugins\com.st.stm32cube.common.mx_6.12.0.202406281431\\db\/plugins/mcufinder/images/
2024-10-08 16:04:51,169 [WARN] DbFile:41 - Overriding database path with different value: C:\Users\Visita\.stmcufinder\plugins\mcufinder/ => C:\Users\Visita\.stmcufinder\plugins\mcufinder
2024-10-08 16:04:51,169 [INFO] ApiDb:250 - Set database path to: C:\Users\Visita\.stmcufinder\plugins\mcufinder//mcu/
2024-10-08 16:04:51,169 [WARN] DbFile:41 - Overriding database path with different value: C:\Users\Visita\.stmcufinder\plugins\mcufinder/ => C:\Users\Visita\.stmcufinder\plugins\mcufinder
2024-10-08 16:04:51,170 [INFO] DbMcusAds:125 - Set database path to: C:\Users\Visita\.stmcufinder\plugins\mcufinder//mcu/
2024-10-08 16:04:51,170 [WARN] DbFile:41 - Overriding database path with different value: C:\Users\Visita\.stmcufinder\plugins\mcufinder/ => C:\Users\Visita\.stmcufinder\plugins\mcufinder
2024-10-08 16:04:51,170 [WARN] DbFile:41 - Overriding database path with different value: C:\Users\Visita\.stmcufinder\plugins\mcufinder/ => C:\Users\Visita\.stmcufinder\plugins\mcufinder
2024-10-08 16:04:51,170 [INFO] CrossReferenceDbSqlite:203 - Set database path to: C:\Users\Visita\.stmcufinder\plugins\mcufinder//mcu/cs/
2024-10-08 16:04:51,229 [INFO] MainPanel:268 - HeapMemory: 268435456
2024-10-08 16:04:51,308 [INFO] DbMcusXml:78 - Set database path to: C:\ST\STM32CubeIDE_1.15.1\STM32CubeIDE\plugins\com.st.stm32cube.common.mx_6.12.0.202406281431\\db\/mcu/
2024-10-08 16:04:51,308 [INFO] ApiDb:274 - Set plugin database path to: C:\ST\STM32CubeIDE_1.15.1\STM32CubeIDE\plugins\com.st.stm32cube.common.mx_6.12.0.202406281431\\db\/plugins/boardmanager/
2024-10-08 16:04:51,308 [INFO] ApiDb:261 - Set plugin images path to: C:\ST\STM32CubeIDE_1.15.1\STM32CubeIDE\plugins\com.st.stm32cube.common.mx_6.12.0.202406281431\\db\/plugins/mcufinder/images/
2024-10-08 16:04:51,308 [WARN] DbFile:41 - Overriding database path with different value: C:\Users\Visita\.stmcufinder\plugins\mcufinder/ => C:\Users\Visita\.stmcufinder\plugins\mcufinder
2024-10-08 16:04:51,308 [INFO] ApiDb:250 - Set database path to: C:\Users\Visita\.stmcufinder\plugins\mcufinder//mcu/
2024-10-08 16:04:51,309 [WARN] DbFile:41 - Overriding database path with different value: C:\Users\Visita\.stmcufinder\plugins\mcufinder/ => C:\Users\Visita\.stmcufinder\plugins\mcufinder
2024-10-08 16:04:51,309 [INFO] DbMcusAds:125 - Set database path to: C:\Users\Visita\.stmcufinder\plugins\mcufinder//mcu/
2024-10-08 16:04:51,309 [WARN] DbFile:41 - Overriding database path with different value: C:\Users\Visita\.stmcufinder\plugins\mcufinder/ => C:\Users\Visita\.stmcufinder\plugins\mcufinder
2024-10-08 16:04:51,309 [WARN] DbFile:41 - Overriding database path with different value: C:\Users\Visita\.stmcufinder\plugins\mcufinder/ => C:\Users\Visita\.stmcufinder\plugins\mcufinder
2024-10-08 16:04:51,309 [INFO] CrossReferenceDbSqlite:203 - Set database path to: C:\Users\Visita\.stmcufinder\plugins\mcufinder//mcu/cs/
2024-10-08 16:04:51,322 [INFO] ApplicationProperties:184 - Using Application install path: C:\ST\STM32CubeIDE_1.15.1\STM32CubeIDE\plugins\com.st.stm32cube.common.mx_6.12.0.202406281431
2024-10-08 16:04:51,323 [INFO] PluginManage:196 - Search for loadable plugins [exclusion list=, ]
2024-10-08 16:04:51,324 [INFO] PluginManage:310 - Check plugin analytics
2024-10-08 16:04:51,452 [INFO] AnalyticsPlugin:253 - Accepted Software Licenses: 
2024-10-08 16:04:51,453 [INFO] AnalyticsPlugin:255 - Accepted CMSIS Pack Licenses: 
2024-10-08 16:04:51,453 [INFO] AnalyticsPlugin:257 - Accepted Firmware Licenses: FW.F4.1.28.0
2024-10-08 16:04:51,454 [INFO] PluginManage:359 - Loaded plugin analytics (category:tool,tabindex:-1)
2024-10-08 16:04:51,455 [INFO] PluginManage:310 - Check plugin cadmodel
2024-10-08 16:04:51,467 [INFO] CADModel:105 - Init CAD model plugin
2024-10-08 16:04:51,467 [INFO] PluginManage:359 - Loaded plugin cadmodel (category:power,tabindex:5)
2024-10-08 16:04:51,467 [INFO] PluginManage:310 - Check plugin clock
2024-10-08 16:04:51,483 [INFO] PluginManage:359 - Loaded plugin clock (category:base,tabindex:2)
2024-10-08 16:04:51,483 [INFO] PluginManage:310 - Check plugin ddr
2024-10-08 16:04:51,485 [INFO] PluginManage:359 - Loaded plugin ddr (category:tool,tabindex:6)
2024-10-08 16:04:51,485 [INFO] PluginManage:310 - Check plugin filemanager
2024-10-08 16:04:51,588 [INFO] PluginManage:359 - Loaded plugin filemanager (category:base,tabindex:10)
2024-10-08 16:04:51,588 [INFO] PluginManage:310 - Check plugin ipmanager
2024-10-08 16:04:51,592 [INFO] PluginManage:359 - Loaded plugin ipmanager (category:base,tabindex:5)
2024-10-08 16:04:51,592 [INFO] PluginManage:310 - Check plugin lpbam
2024-10-08 16:04:51,605 [INFO] PluginManage:359 - Loaded plugin lpbam (category:base,tabindex:0)
2024-10-08 16:04:51,605 [INFO] PluginManage:310 - Check plugin memorymap
2024-10-08 16:04:51,621 [INFO] PluginManage:359 - Loaded plugin memorymap (category:base,tabindex:4)
2024-10-08 16:04:51,622 [INFO] PluginManage:310 - Check plugin pinoutandconfiguration
2024-10-08 16:04:51,633 [INFO] PluginManage:359 - Loaded plugin pinoutandconfiguration (category:base,tabindex:1)
2024-10-08 16:04:51,633 [INFO] PluginManage:310 - Check plugin pinoutconfig
2024-10-08 16:04:51,716 [WARN] SupportedApi:132 - Cannot load RTOS API schema: s4s-elt-must-match.1: The content of 'definitions' must match (annotation?, (simpleType | complexType)?, (unique | key | keyref)*)). A problem was found starting at: attribute.
2024-10-08 16:04:51,814 [INFO] PluginManage:359 - Loaded plugin pinoutconfig (category:base,tabindex:0)
2024-10-08 16:04:51,814 [INFO] PluginManage:310 - Check plugin power
2024-10-08 16:04:51,827 [INFO] PluginManage:359 - Loaded plugin power (category:power,tabindex:4)
2024-10-08 16:04:51,828 [INFO] PluginManage:310 - Check plugin projectmanager
2024-10-08 16:04:51,839 [INFO] PluginManage:359 - Loaded plugin projectmanager (category:projectmanager,tabindex:4)
2024-10-08 16:04:51,840 [INFO] PluginManage:310 - Check plugin rif
2024-10-08 16:04:51,852 [INFO] PluginManage:359 - Loaded plugin rif (category:base,tabindex:3)
2024-10-08 16:04:51,852 [INFO] PluginManage:310 - Check plugin thirdparty
2024-10-08 16:04:52,049 [INFO] PluginManage:359 - Loaded plugin thirdparty (category:base,tabindex:-1)
2024-10-08 16:04:52,049 [INFO] PluginManage:310 - Check plugin tools
2024-10-08 16:04:52,049 [WARN] IntegrityCheckThread:84 - waiting for thirdparty lock release [integrity check]
2024-10-08 16:04:52,049 [INFO] IntegrityCheckThread:86 - entering critical section [integrity check]
2024-10-08 16:04:52,050 [INFO] ThirdPartyUpdaterWithRetryManager:70 - Updater plugin not ready yet. [1/15]
2024-10-08 16:04:52,074 [INFO] PluginManage:359 - Loaded plugin tools (category:base,tabindex:7)
2024-10-08 16:04:52,075 [INFO] PluginManage:310 - Check plugin tutovideos
2024-10-08 16:04:52,216 [INFO] PluginManage:359 - Loaded plugin tutovideos (category:base,tabindex:-1)
2024-10-08 16:04:52,216 [INFO] PluginManage:310 - Check plugin updater
2024-10-08 16:04:52,228 [INFO] PluginManage:359 - Loaded plugin updater (category:base,tabindex:12)
2024-10-08 16:04:52,228 [INFO] PluginManage:310 - Check plugin userauth
2024-10-08 16:04:52,232 [INFO] UserAuth:113 - Init User Auth plugin
2024-10-08 16:04:52,232 [INFO] PluginManage:359 - Loaded plugin userauth (category:base,tabindex:14)
2024-10-08 16:04:52,232 [INFO] PluginManage:283 - PluginManage : Loaded plugins [18]
2024-10-08 16:04:52,369 [INFO] PinOutPanel:1561 - setPackage(No Configuration,No Configuration)
2024-10-08 16:04:52,428 [INFO] CADModel:165 - CPN selected for project level
2024-10-08 16:04:52,428 [INFO] CADModel:114 - Register for checkConnection events
2024-10-08 16:04:52,446 [INFO] IPUIPlugin:80 - create IPUIPlugin
2024-10-08 16:04:52,446 [INFO] PluginManager:220 - loadIPPluginJar : add adc
2024-10-08 16:04:52,476 [INFO] IPUIPlugin:80 - create IPUIPlugin
2024-10-08 16:04:52,476 [INFO] PluginManager:220 - loadIPPluginJar : add aes
2024-10-08 16:04:52,506 [INFO] IPUIPlugin:80 - create IPUIPlugin
2024-10-08 16:04:52,506 [INFO] PluginManager:220 - loadIPPluginJar : add can
2024-10-08 16:04:52,522 [INFO] IPUIPlugin:80 - create IPUIPlugin
2024-10-08 16:04:52,522 [INFO] PluginManager:220 - loadIPPluginJar : add comp
2024-10-08 16:04:52,547 [INFO] IPUIPlugin:80 - create IPUIPlugin
2024-10-08 16:04:52,547 [INFO] PluginManager:220 - loadIPPluginJar : add cryp
2024-10-08 16:04:52,557 [INFO] IPUIPlugin:80 - create IPUIPlugin
2024-10-08 16:04:52,557 [INFO] PluginManager:220 - loadIPPluginJar : add ddr_ctrl_phy
2024-10-08 16:04:52,580 [INFO] IPUIPlugin:80 - create IPUIPlugin
2024-10-08 16:04:52,580 [INFO] PluginManager:220 - loadIPPluginJar : add dfsdm
2024-10-08 16:04:52,590 [INFO] IPUIPlugin:80 - create IPUIPlugin
2024-10-08 16:04:52,592 [INFO] PluginManager:220 - loadIPPluginJar : add dma
2024-10-08 16:04:52,625 [INFO] IPUIPlugin:80 - create IPUIPlugin
2024-10-08 16:04:52,625 [INFO] PluginManager:220 - loadIPPluginJar : add dma3
2024-10-08 16:04:52,661 [INFO] IPUIPlugin:80 - create IPUIPlugin
2024-10-08 16:04:52,661 [INFO] PluginManager:220 - loadIPPluginJar : add extmemmanager
2024-10-08 16:04:52,677 [INFO] IPUIPlugin:80 - create IPUIPlugin
2024-10-08 16:04:52,677 [INFO] PluginManager:220 - loadIPPluginJar : add fatfs
2024-10-08 16:04:52,713 [INFO] IPUIPlugin:80 - create IPUIPlugin
2024-10-08 16:04:52,713 [INFO] PluginManager:220 - loadIPPluginJar : add fmc
2024-10-08 16:04:52,723 [INFO] IPUIPlugin:80 - create IPUIPlugin
2024-10-08 16:04:52,724 [INFO] PluginManager:220 - loadIPPluginJar : add freertos
2024-10-08 16:04:52,738 [INFO] IPUIPlugin:80 - create IPUIPlugin
2024-10-08 16:04:52,738 [INFO] PluginManager:220 - loadIPPluginJar : add genericplugin
2024-10-08 16:04:52,804 [INFO] IPUIPlugin:80 - create IPUIPlugin
2024-10-08 16:04:52,805 [INFO] PluginManager:220 - loadIPPluginJar : add gfxmmu
2024-10-08 16:04:52,898 [INFO] IPUIPlugin:80 - create IPUIPlugin
2024-10-08 16:04:52,898 [INFO] PluginManager:220 - loadIPPluginJar : add gic
2024-10-08 16:04:52,908 [INFO] IPUIPlugin:80 - create IPUIPlugin
2024-10-08 16:04:52,908 [INFO] PluginManager:220 - loadIPPluginJar : add gpio
2024-10-08 16:04:52,976 [INFO] IPUIPlugin:80 - create IPUIPlugin
2024-10-08 16:04:52,976 [INFO] PluginManager:220 - loadIPPluginJar : add gtzc
2024-10-08 16:04:53,000 [INFO] IPUIPlugin:80 - create IPUIPlugin
2024-10-08 16:04:53,000 [INFO] PluginManager:220 - loadIPPluginJar : add hash
2024-10-08 16:04:53,037 [INFO] IPUIPlugin:80 - create IPUIPlugin
2024-10-08 16:04:53,037 [INFO] PluginManager:220 - loadIPPluginJar : add i2c
2024-10-08 16:04:53,065 [INFO] IPUIPlugin:80 - create IPUIPlugin
2024-10-08 16:04:53,066 [INFO] PluginManager:220 - loadIPPluginJar : add i2s
2024-10-08 16:04:53,095 [INFO] IPUIPlugin:80 - create IPUIPlugin
2024-10-08 16:04:53,095 [INFO] PluginManager:220 - loadIPPluginJar : add i3c
2024-10-08 16:04:53,173 [INFO] IPUIPlugin:80 - create IPUIPlugin
2024-10-08 16:04:53,173 [INFO] PluginManager:220 - loadIPPluginJar : add ipddr
2024-10-08 16:04:53,239 [INFO] IPUIPlugin:80 - create IPUIPlugin
2024-10-08 16:04:53,239 [INFO] PluginManager:220 - loadIPPluginJar : add linkedlist
2024-10-08 16:04:53,264 [INFO] IPUIPlugin:80 - create IPUIPlugin
2024-10-08 16:04:53,264 [INFO] PluginManager:220 - loadIPPluginJar : add lorawan
2024-10-08 16:04:53,291 [INFO] IPUIPlugin:80 - create IPUIPlugin
2024-10-08 16:04:53,291 [INFO] PluginManager:220 - loadIPPluginJar : add ltdc
2024-10-08 16:04:53,301 [INFO] IPUIPlugin:80 - create IPUIPlugin
2024-10-08 16:04:53,301 [INFO] PluginManager:220 - loadIPPluginJar : add mdma
2024-10-08 16:04:53,309 [INFO] IPUIPlugin:80 - create IPUIPlugin
2024-10-08 16:04:53,309 [INFO] PluginManager:220 - loadIPPluginJar : add nvic
2024-10-08 16:04:53,336 [INFO] IPUIPlugin:80 - create IPUIPlugin
2024-10-08 16:04:53,336 [INFO] PluginManager:220 - loadIPPluginJar : add opamp
2024-10-08 16:04:53,380 [INFO] IPUIPlugin:80 - create IPUIPlugin
2024-10-08 16:04:53,380 [INFO] PluginManager:220 - loadIPPluginJar : add openamp
2024-10-08 16:04:53,410 [INFO] IPUIPlugin:80 - create IPUIPlugin
2024-10-08 16:04:53,410 [INFO] PluginManager:220 - loadIPPluginJar : add pdm2pcm
2024-10-08 16:04:53,420 [INFO] IPUIPlugin:80 - create IPUIPlugin
2024-10-08 16:04:53,421 [INFO] PluginManager:220 - loadIPPluginJar : add plateformsettings
2024-10-08 16:04:53,437 [INFO] IPUIPlugin:80 - create IPUIPlugin
2024-10-08 16:04:53,437 [INFO] PluginManager:220 - loadIPPluginJar : add quadspi
2024-10-08 16:04:53,455 [INFO] IPUIPlugin:80 - create IPUIPlugin
2024-10-08 16:04:53,456 [INFO] PluginManager:220 - loadIPPluginJar : add radio
2024-10-08 16:04:53,464 [INFO] IPUIPlugin:80 - create IPUIPlugin
2024-10-08 16:04:53,464 [INFO] PluginManager:220 - loadIPPluginJar : add resmgrutility
2024-10-08 16:04:53,499 [INFO] IPUIPlugin:80 - create IPUIPlugin
2024-10-08 16:04:53,499 [INFO] PluginManager:220 - loadIPPluginJar : add sai
2024-10-08 16:04:53,524 [INFO] IPUIPlugin:80 - create IPUIPlugin
2024-10-08 16:04:53,524 [INFO] PluginManager:220 - loadIPPluginJar : add spi
2024-10-08 16:04:53,574 [INFO] IPUIPlugin:80 - create IPUIPlugin
2024-10-08 16:04:53,575 [INFO] PluginManager:220 - loadIPPluginJar : add stm32_wpan
2024-10-08 16:04:53,591 [INFO] IPUIPlugin:80 - create IPUIPlugin
2024-10-08 16:04:53,591 [INFO] PluginManager:220 - loadIPPluginJar : add tim
2024-10-08 16:04:53,632 [INFO] IPUIPlugin:80 - create IPUIPlugin
2024-10-08 16:04:53,633 [INFO] PluginManager:220 - loadIPPluginJar : add touchsensing
2024-10-08 16:04:53,649 [INFO] IPUIPlugin:80 - create IPUIPlugin
2024-10-08 16:04:53,649 [INFO] PluginManager:220 - loadIPPluginJar : add tracer_emb
2024-10-08 16:04:53,666 [INFO] IPUIPlugin:80 - create IPUIPlugin
2024-10-08 16:04:53,666 [INFO] PluginManager:220 - loadIPPluginJar : add ts
2024-10-08 16:04:53,684 [INFO] IPUIPlugin:80 - create IPUIPlugin
2024-10-08 16:04:53,684 [INFO] PluginManager:220 - loadIPPluginJar : add tsc
2024-10-08 16:04:53,698 [INFO] IPUIPlugin:80 - create IPUIPlugin
2024-10-08 16:04:53,698 [INFO] PluginManager:220 - loadIPPluginJar : add ucpd
2024-10-08 16:04:53,730 [INFO] IPUIPlugin:80 - create IPUIPlugin
2024-10-08 16:04:53,730 [INFO] PluginManager:220 - loadIPPluginJar : add usart
2024-10-08 16:04:53,762 [INFO] IPUIPlugin:80 - create IPUIPlugin
2024-10-08 16:04:53,762 [INFO] PluginManager:220 - loadIPPluginJar : add usbx
2024-10-08 16:04:53,867 [INFO] CADModel:165 - CPN selected for project level
2024-10-08 16:04:53,867 [INFO] CADModel:114 - Register for checkConnection events
2024-10-08 16:04:53,867 [FATAL] Updater:334 - Updater called before beeing initialized
2024-10-08 16:04:53,867 [ERROR] CADModel:125 - Updater not yet initialized, retry later 
2024-10-08 16:04:53,961 [INFO] CADModel:165 - CPN selected for project level
2024-10-08 16:04:53,961 [INFO] CADModel:114 - Register for checkConnection events
2024-10-08 16:04:53,961 [FATAL] Updater:334 - Updater called before beeing initialized
2024-10-08 16:04:53,961 [ERROR] CADModel:125 - Updater not yet initialized, retry later 
2024-10-08 16:04:53,963 [FATAL] Updater:334 - Updater called before beeing initialized
2024-10-08 16:04:54,033 [FATAL] Updater:334 - Updater called before beeing initialized
2024-10-08 16:04:54,040 [INFO] DbMcusAds:53 - JSON generation date=Fri Sep 20 10:04:23 BRT 2024 (1726837463113)
2024-10-08 16:04:54,041 [FATAL] Updater:334 - Updater called before beeing initialized
2024-10-08 16:04:54,071 [WARN] DetailPanel:346 - Failed to get advertising image, set to default
2024-10-08 16:04:54,135 [FATAL] Updater:334 - Updater called before beeing initialized
2024-10-08 16:04:54,136 [FATAL] Updater:334 - Updater called before beeing initialized
2024-10-08 16:04:54,136 [FATAL] Updater:334 - Updater called before beeing initialized
2024-10-08 16:04:54,136 [WARN] DetailPanel:346 - Failed to get advertising image, set to default
2024-10-08 16:04:54,137 [FATAL] Updater:334 - Updater called before beeing initialized
2024-10-08 16:04:54,178 [ERROR] Updater:1164 - MainUpdater not yet initialized. External WinMGr cannot be set.
2024-10-08 16:04:54,186 [INFO] Updater:1100 - Updater Version found : 6.12.0
2024-10-08 16:04:54,198 [INFO] ApplicationProperties:184 - Using Application install path: C:\ST\STM32CubeIDE_1.15.1\STM32CubeIDE\plugins\com.st.stm32cube.common.mx_6.12.0.202406281431
2024-10-08 16:04:54,251 [INFO] MainUpdater:526 - Copy updater definitions from MX database
2024-10-08 16:04:54,404 [INFO] MainUpdater:2873 - connection check result : 10
2024-10-08 16:04:54,405 [INFO] MainUpdater:3567 - Updater definition file requires update
2024-10-08 16:04:54,405 [INFO] MainUpdater:290 - Updater Check For Update Now.
2024-10-08 16:04:54,406 [INFO] MicroXplorer:498 - Change Database Version : DB.6.0.120
2024-10-08 16:04:54,417 [INFO] McuFinderGlobals:63 - Set McuFinder mode to 2 (CubeIDE integrated)
2024-10-08 16:04:54,422 [INFO] UserAuth:417 - Internet connection configuration mode: 1
2024-10-08 16:04:54,442 [INFO] JxBrowserEngine:152 - Initiate JxBrowser Engine with user profile folder
2024-10-08 16:04:54,447 [INFO] ServerAccessManage:473 - Download File updaters.zip
2024-10-08 16:04:54,506 [INFO] FileExtend:240 - Unzip File : updaters.zip
2024-10-08 16:04:54,506 [INFO] FileExtend:255 - Standard Zip Deflate
2024-10-08 16:04:54,696 [INFO] ServerAccessManage:473 - Download File PacksControlFlags.xml
2024-10-08 16:04:54,782 [INFO] ServerAccessManage:473 - Download File cubemx.pidx
2024-10-08 16:04:54,872 [INFO] LoadServerUpdatesThread:375 - End of LoadServerUpdate Thread
2024-10-08 16:04:55,052 [WARN] MainUpdater:1194 - Updater busy. Cannot search thirdparties
2024-10-08 16:04:55,053 [INFO] ThirdPartyUpdaterWithRetryManager:96 - Updater plugin is busy. [1/15]
2024-10-08 16:04:55,071 [INFO] CheckServerUpdateThread:120 - End of CheckServer Thread
2024-10-08 16:04:58,183 [WARN] PackLoader:240 - Cannot read IP mode file for STMicroelectronics.FP-SNS-MOTENVWB1.1.4.0
2024-10-08 16:04:58,197 [WARN] PackLoader:240 - Cannot read IP mode file for STMicroelectronics.X-CUBE-SMBUS.2.1.0
2024-10-08 16:04:58,210 [WARN] PackLoader:240 - Cannot read IP mode file for STMicroelectronics.X-CUBE-WB05N.1.1.0
2024-10-08 16:04:58,238 [WARN] PackLoader:240 - Cannot read IP mode file for STMicroelectronics.X-CUBE-AZRTOS-F7.1.1.0
2024-10-08 16:04:58,291 [WARN] PackLoader:240 - Cannot read IP mode file for STMicroelectronics.X-CUBE-MEMS1.11.0.0
2024-10-08 16:04:58,409 [WARN] PackLoader:240 - Cannot read IP mode file for STMicroelectronics.FP-SNS-FLIGHT1.5.0.2
2024-10-08 16:04:58,420 [WARN] PackLoader:240 - Cannot read IP mode file for STMicroelectronics.X-CUBE-DISPLAY.3.0.0
2024-10-08 16:04:58,433 [WARN] PackLoader:240 - Cannot read IP mode file for STMicroelectronics.X-CUBE-BLE1.7.0.0
2024-10-08 16:04:58,443 [WARN] PackLoader:240 - Cannot read IP mode file for STMicroelectronics.X-CUBE-NFC10.1.0.0
2024-10-08 16:04:58,456 [WARN] PackLoader:240 - Cannot read IP mode file for emotas.I-CUBE-CANOPEN.1.3.0
2024-10-08 16:04:58,467 [WARN] PackLoader:240 - Cannot read IP mode file for STMicroelectronics.X-CUBE-BLEMGR.3.1.0
2024-10-08 16:04:58,477 [WARN] PackLoader:240 - Cannot read IP mode file for STMicroelectronics.FP-SNS-SMARTAG2.1.2.0
2024-10-08 16:04:58,490 [INFO] LogOutputStream:77 - [STDOUT_REDIRECT] 1 : Invalid condition id : UX_CORESTACK_Condition cause : null
2024-10-08 16:04:58,491 [INFO] LogOutputStream:77 - [STDOUT_REDIRECT] 1 : Invalid condition id : UX_CORESTACK_Condition cause : null
2024-10-08 16:04:58,491 [INFO] LogOutputStream:77 - [STDOUT_REDIRECT] 1 : Invalid condition id : UX_CORESTACK_Condition cause : null
2024-10-08 16:04:58,492 [INFO] LogOutputStream:77 - [STDOUT_REDIRECT] 1 : Invalid condition id : UX_CORESTACK_Condition cause : null
2024-10-08 16:04:58,493 [INFO] LogOutputStream:77 - [STDOUT_REDIRECT] 1 : Invalid condition id : UX_CORESTACK_Condition cause : null
2024-10-08 16:04:58,495 [WARN] PackLoader:240 - Cannot read IP mode file for STMicroelectronics.X-CUBE-AZRTOS-WL.2.0.0
2024-10-08 16:04:58,509 [WARN] PackLoader:240 - Cannot read IP mode file for STMicroelectronics.FP-SNS-MOTENV1.5.0.0
2024-10-08 16:04:58,518 [WARN] PackLoader:240 - Cannot read IP mode file for wolfSSL.I-CUBE-wolfMQTT.1.19.0
2024-10-08 16:04:58,528 [WARN] PackLoader:240 - Cannot read IP mode file for WES.I-CUBE-Cesium.1.3.0
2024-10-08 16:04:58,538 [WARN] PackLoader:240 - Cannot read IP mode file for STMicroelectronics.X-CUBE-BLE2.3.3.0
2024-10-08 16:04:58,549 [WARN] PackLoader:240 - Cannot read IP mode file for STMicroelectronics.X-CUBE-NFC9.1.0.0
2024-10-08 16:04:58,560 [WARN] PackLoader:240 - Cannot read IP mode file for STMicroelectronics.X-CUBE-TCPP.4.1.0
2024-10-08 16:04:58,579 [WARN] PackLoader:240 - Cannot read IP mode file for STMicroelectronics.X-CUBE-AZRTOS-G0.1.1.0
2024-10-08 16:04:58,591 [WARN] PackLoader:240 - Cannot read IP mode file for STMicroelectronics.X-CUBE-SAFEA1.1.2.2
2024-10-08 16:04:58,601 [WARN] PackLoader:240 - Cannot read IP mode file for STMicroelectronics.X-CUBE-NFC4.3.0.0
2024-10-08 16:04:58,614 [WARN] PackLoader:240 - Cannot read IP mode file for EmbeddedOffice.I-CUBE-FS-RTOS.1.0.1
2024-10-08 16:04:58,614 [ERROR] ConditionMgr:805 - Attr not supported : Dmpu
2024-10-08 16:04:58,614 [ERROR] ConditionMgr:805 - Attr not supported : Dmpu
2024-10-08 16:04:58,614 [ERROR] ConditionMgr:805 - Attr not supported : Dmpu
2024-10-08 16:04:58,614 [ERROR] ConditionMgr:805 - Attr not supported : Dmpu
2024-10-08 16:04:58,614 [ERROR] ConditionMgr:805 - Attr not supported : Dmpu
2024-10-08 16:04:58,615 [ERROR] ConditionMgr:805 - Attr not supported : Dmpu
2024-10-08 16:04:58,615 [ERROR] ConditionMgr:805 - Attr not supported : Dmpu
2024-10-08 16:04:58,615 [ERROR] ConditionMgr:805 - Attr not supported : Dmpu
2024-10-08 16:04:58,615 [ERROR] ConditionMgr:805 - Attr not supported : Dmpu
2024-10-08 16:04:58,615 [ERROR] ConditionMgr:805 - Attr not supported : Dmpu
2024-10-08 16:04:58,615 [ERROR] ConditionMgr:805 - Attr not supported : Dmpu
2024-10-08 16:04:58,615 [ERROR] ConditionMgr:805 - Attr not supported : Dmpu
2024-10-08 16:04:58,615 [ERROR] ConditionMgr:805 - Attr not supported : Dmpu
2024-10-08 16:04:58,615 [ERROR] ConditionMgr:805 - Attr not supported : Dmpu
2024-10-08 16:04:58,615 [ERROR] ConditionMgr:805 - Attr not supported : Dmpu
2024-10-08 16:04:58,615 [ERROR] ConditionMgr:805 - Attr not supported : Dmpu
2024-10-08 16:04:58,615 [ERROR] ConditionMgr:805 - Attr not supported : Dmpu
2024-10-08 16:04:58,615 [ERROR] ConditionMgr:805 - Attr not supported : Dmpu
2024-10-08 16:04:58,615 [ERROR] ConditionMgr:805 - Attr not supported : Dmpu
2024-10-08 16:04:58,615 [ERROR] ConditionMgr:805 - Attr not supported : Dmpu
2024-10-08 16:04:58,615 [ERROR] ConditionMgr:805 - Attr not supported : Dmpu
2024-10-08 16:04:58,615 [ERROR] ConditionMgr:805 - Attr not supported : Dmpu
2024-10-08 16:04:58,615 [ERROR] ConditionMgr:805 - Attr not supported : Dmpu
2024-10-08 16:04:58,615 [ERROR] ConditionMgr:805 - Attr not supported : Dmpu
2024-10-08 16:04:58,615 [ERROR] ConditionMgr:805 - Attr not supported : Dmpu
2024-10-08 16:04:58,616 [ERROR] ConditionMgr:805 - Attr not supported : Dmpu
2024-10-08 16:04:58,616 [ERROR] ConditionMgr:805 - Attr not supported : Dmpu
2024-10-08 16:04:58,616 [ERROR] ConditionMgr:805 - Attr not supported : Dmpu
2024-10-08 16:04:58,616 [ERROR] ConditionMgr:805 - Attr not supported : Dmpu
2024-10-08 16:04:58,616 [ERROR] ConditionMgr:805 - Attr not supported : Dmpu
2024-10-08 16:04:58,616 [ERROR] ConditionMgr:805 - Attr not supported : Dmpu
2024-10-08 16:04:58,616 [ERROR] ConditionMgr:805 - Attr not supported : Dmpu
2024-10-08 16:04:58,616 [ERROR] ConditionMgr:805 - Attr not supported : Dmpu
2024-10-08 16:04:58,616 [ERROR] ConditionMgr:805 - Attr not supported : Dmpu
2024-10-08 16:04:58,616 [ERROR] ConditionMgr:805 - Attr not supported : Dmpu
2024-10-08 16:04:58,616 [ERROR] ConditionMgr:805 - Attr not supported : Dmpu
2024-10-08 16:04:58,616 [ERROR] ConditionMgr:805 - Attr not supported : Dmpu
2024-10-08 16:04:58,616 [ERROR] ConditionMgr:805 - Attr not supported : Dmpu
2024-10-08 16:04:58,616 [ERROR] ConditionMgr:805 - Attr not supported : Dmpu
2024-10-08 16:04:58,616 [ERROR] ConditionMgr:805 - Attr not supported : Dmpu
2024-10-08 16:04:58,616 [ERROR] ConditionMgr:805 - Attr not supported : Dmpu
2024-10-08 16:04:58,616 [ERROR] ConditionMgr:805 - Attr not supported : Dmpu
2024-10-08 16:04:58,616 [ERROR] ConditionMgr:805 - Attr not supported : Dmpu
2024-10-08 16:04:58,616 [ERROR] ConditionMgr:805 - Attr not supported : Dmpu
2024-10-08 16:04:58,616 [ERROR] ConditionMgr:805 - Attr not supported : Dmpu
2024-10-08 16:04:58,617 [ERROR] ConditionMgr:805 - Attr not supported : Dmpu
2024-10-08 16:04:58,617 [ERROR] ConditionMgr:805 - Attr not supported : Dmpu
2024-10-08 16:04:58,617 [ERROR] ConditionMgr:805 - Attr not supported : Dmpu
2024-10-08 16:04:58,617 [ERROR] ConditionMgr:805 - Attr not supported : Dmpu
2024-10-08 16:04:58,617 [ERROR] ConditionMgr:805 - Attr not supported : Dmpu
2024-10-08 16:04:58,617 [ERROR] ConditionMgr:805 - Attr not supported : Dmpu
2024-10-08 16:04:58,617 [ERROR] ConditionMgr:805 - Attr not supported : Dmpu
2024-10-08 16:04:58,617 [ERROR] ConditionMgr:805 - Attr not supported : Dmpu
2024-10-08 16:04:58,617 [ERROR] ConditionMgr:805 - Attr not supported : Dmpu
2024-10-08 16:04:58,617 [ERROR] ConditionMgr:805 - Attr not supported : Dmpu
2024-10-08 16:04:58,617 [ERROR] ConditionMgr:805 - Attr not supported : Dmpu
2024-10-08 16:04:58,617 [ERROR] ConditionMgr:805 - Attr not supported : Dmpu
2024-10-08 16:04:58,617 [ERROR] ConditionMgr:805 - Attr not supported : Dmpu
2024-10-08 16:04:58,617 [ERROR] ConditionMgr:805 - Attr not supported : Dmpu
2024-10-08 16:04:58,617 [ERROR] ConditionMgr:805 - Attr not supported : Dmpu
2024-10-08 16:04:58,617 [ERROR] ConditionMgr:805 - Attr not supported : Dmpu
2024-10-08 16:04:58,617 [ERROR] ConditionMgr:805 - Attr not supported : Dmpu
2024-10-08 16:04:58,617 [ERROR] ConditionMgr:805 - Attr not supported : Dmpu
2024-10-08 16:04:58,617 [ERROR] ConditionMgr:805 - Attr not supported : Dmpu
2024-10-08 16:04:58,627 [WARN] PackLoader:240 - Cannot read IP mode file for RealThread.X-CUBE-RT-Thread_Nano.4.1.1
2024-10-08 16:04:58,635 [WARN] PackLoader:240 - Cannot read IP mode file for STMicroelectronics.FP-ATR-SIGFOX1.3.2.0
2024-10-08 16:04:58,643 [WARN] PackLoader:240 - Cannot read IP mode file for wolfSSL.I-CUBE-wolfSSL.5.7.2
2024-10-08 16:04:58,653 [WARN] PackLoader:240 - Cannot read IP mode file for STMicroelectronics.X-CUBE-EEPRMA1.5.1.0
2024-10-08 16:04:58,665 [WARN] PackLoader:240 - Cannot read IP mode file for ITTIA_DB.I-CUBE-ITTIADB.8.9.0
2024-10-08 16:04:58,691 [WARN] PackLoader:240 - Cannot read IP mode file for SEGGER.I-CUBE-embOS.1.3.1
2024-10-08 16:04:58,720 [WARN] PackLoader:240 - Cannot read IP mode file for STMicroelectronics.X-CUBE-ALGOBUILD.1.4.0
2024-10-08 16:04:58,730 [WARN] PackLoader:240 - Cannot read IP mode file for STMicroelectronics.X-CUBE-AI.9.1.0
2024-10-08 16:04:58,740 [WARN] PackLoader:240 - Cannot read IP mode file for STMicroelectronics.X-CUBE-GNSS1.6.0.0
2024-10-08 16:04:58,757 [WARN] PackLoader:240 - Cannot read IP mode file for STMicroelectronics.X-CUBE-AZRTOS-F4.1.1.0
2024-10-08 16:04:58,768 [WARN] PackLoader:240 - Cannot read IP mode file for STMicroelectronics.X-CUBE-ISPU.2.1.0
2024-10-08 16:04:58,777 [WARN] PackLoader:240 - Cannot read IP mode file for STMicroelectronics.X-CUBE-FREERTOS.1.2.0
2024-10-08 16:04:58,795 [WARN] PackLoader:240 - Cannot read IP mode file for STMicroelectronics.X-CUBE-AZRTOS-L5.2.0.0
2024-10-08 16:04:58,807 [WARN] PackLoader:240 - Cannot read IP mode file for STMicroelectronics.X-CUBE-NFC6.3.1.0
2024-10-08 16:04:58,818 [WARN] PackLoader:240 - Cannot read IP mode file for STMicroelectronics.X-CUBE-DPower.1.2.0
2024-10-08 16:04:58,827 [WARN] PackLoader:240 - Cannot read IP mode file for STMicroelectronics.X-CUBE-AI.9.0.0
2024-10-08 16:04:58,837 [WARN] PackLoader:240 - Cannot read IP mode file for STMicroelectronics.X-CUBE-NFC7.1.0.1
2024-10-08 16:04:58,846 [WARN] PackLoader:240 - Cannot read IP mode file for wolfSSL.I-CUBE-wolfTPM.3.2.0
2024-10-08 16:04:58,866 [WARN] ConditionMgr:438 - getConditionDescription Invalid condition id : LAN8742 Phy interface Condition cause : null
2024-10-08 16:04:58,867 [WARN] PackLoader:240 - Cannot read IP mode file for STMicroelectronics.X-CUBE-AZRTOS-L4.2.0.0
2024-10-08 16:04:58,868 [WARN] ConditionMgr:1039 - genDependencies : Invalid condition id : LAN8742 Phy interface Condition cause : null
2024-10-08 16:04:58,868 [WARN] ConditionMgr:1039 - genDependencies : Invalid condition id : LAN8742 Phy interface Condition cause : null
2024-10-08 16:04:58,868 [WARN] ConditionMgr:1039 - genDependencies : Invalid condition id : LAN8742 Phy interface Condition cause : null
2024-10-08 16:04:58,880 [WARN] PackLoader:240 - Cannot read IP mode file for STMicroelectronics.X-CUBE-SFXS2LP1.4.0.0
2024-10-08 16:04:58,903 [WARN] PackLoader:240 - Cannot read IP mode file for STMicroelectronics.X-CUBE-AZRTOS-H7.3.3.0
2024-10-08 16:04:58,919 [WARN] PackLoader:240 - Cannot read IP mode file for STMicroelectronics.X-CUBE-IPS.3.0.0
2024-10-08 16:04:58,938 [WARN] ConditionMgr:438 - getConditionDescription Invalid condition id : UX DEVICE CLASS RTOS Condition cause : null
2024-10-08 16:04:58,938 [WARN] ConditionMgr:438 - getConditionDescription Invalid condition id : UX DEVICE CLASS RTOS Condition cause : null
2024-10-08 16:04:58,939 [WARN] PackLoader:240 - Cannot read IP mode file for STMicroelectronics.X-CUBE-AZRTOS-WB.2.0.0
2024-10-08 16:04:58,940 [WARN] ConditionMgr:1039 - genDependencies : Invalid condition id : UX DEVICE CLASS RTOS Condition cause : null
2024-10-08 16:04:58,940 [WARN] ConditionMgr:1039 - genDependencies : Invalid condition id : UX DEVICE CLASS RTOS Condition cause : null
2024-10-08 16:04:58,940 [WARN] ConditionMgr:1039 - genDependencies : Invalid condition id : UX DEVICE CLASS RTOS Condition cause : null
2024-10-08 16:04:58,940 [WARN] ConditionMgr:1039 - genDependencies : Invalid condition id : UX DEVICE CLASS RTOS Condition cause : null
2024-10-08 16:04:58,940 [WARN] ConditionMgr:1039 - genDependencies : Invalid condition id : UX DEVICE CLASS RTOS Condition cause : null
2024-10-08 16:04:58,951 [WARN] PackLoader:240 - Cannot read IP mode file for STMicroelectronics.X-CUBE-GNSS1.7.0.0
2024-10-08 16:04:58,962 [WARN] PackLoader:240 - Cannot read IP mode file for STMicroelectronics.FP-SNS-STBOX1.2.0.0
2024-10-08 16:04:58,977 [WARN] PackLoader:240 - Cannot read IP mode file for STMicroelectronics.X-CUBE-SUBG2.5.0.0
2024-10-08 16:04:58,993 [WARN] PackLoader:240 - Cannot read IP mode file for Cesanta.I-CUBE-Mongoose.7.13.0
2024-10-08 16:04:59,010 [WARN] PackLoader:240 - Cannot read IP mode file for STMicroelectronics.X-CUBE-AZRTOS-G4.2.0.0
2024-10-08 16:04:59,019 [WARN] PackLoader:240 - Cannot read IP mode file for STMicroelectronics.X-CUBE-ISPU.2.0.0
2024-10-08 16:04:59,028 [WARN] PackLoader:240 - Cannot read IP mode file for STMicroelectronics.X-CUBE-ALS.1.0.2
2024-10-08 16:04:59,064 [WARN] PackLoader:240 - Cannot read IP mode file for STMicroelectronics.X-CUBE-MEMS1.10.0.0
2024-10-08 16:04:59,127 [WARN] PackLoader:240 - Cannot read IP mode file for STMicroelectronics.X-CUBE-TOUCHGFX.4.24.0
2024-10-08 16:04:59,136 [WARN] PackLoader:240 - Cannot read IP mode file for STMicroelectronics.X-CUBE-TOUCHGFX.4.24.1
2024-10-08 16:04:59,157 [WARN] PackLoader:240 - Cannot read IP mode file for portGmbH.I-Cube-SoM-uGOAL.1.1.0
2024-10-08 16:04:59,231 [WARN] PackLoader:240 - Cannot read IP mode file for STMicroelectronics.X-CUBE-AZRTOS-H7RS.1.0.0
2024-10-08 16:04:59,251 [WARN] PackLoader:240 - Cannot read IP mode file for STMicroelectronics.FP-ATR-ASTRA1.2.0.0
2024-10-08 16:04:59,270 [WARN] PackLoader:240 - Cannot read IP mode file for STMicroelectronics.X-CUBE-TOF1.3.4.2
2024-10-08 16:04:59,298 [WARN] PackLoader:240 - Cannot read IP mode file for Infineon.AIROC-Wi-Fi-Bluetooth-STM32.1.6.1
2024-10-08 16:04:59,313 [WARN] PackLoader:240 - Cannot read IP mode file for wolfSSL.I-CUBE-wolfSSH.1.4.17
2024-10-08 16:04:59,313 [INFO] ThirdParty:978 - Integrity check success = true
2024-10-08 16:04:59,314 [INFO] IntegrityCheckThread:100 - exiting critical section [integrity check]
2024-10-08 16:04:59,314 [INFO] IntegrityCheckThread:103 - End integrity checks thread
2024-10-08 16:04:59,393 [INFO] WebApp:167 - Instantiating new browser for Auth
2024-10-08 16:04:59,962 [INFO] WebApp:448 - Apply proxy settings
2024-10-08 16:04:59,962 [INFO] WebApp:533 - Chromium requires no authentication
2024-10-08 16:04:59,975 [INFO] WebApp:476 - Direct internet connection detected
2024-10-08 16:05:00,003 [INFO] WebApp:869 - Register for checkConnection events
2024-10-08 16:05:00,003 [INFO] WebApp:448 - Apply proxy settings
2024-10-08 16:05:00,004 [INFO] WebApp:533 - Chromium requires no authentication
2024-10-08 16:05:00,004 [INFO] WebApp:476 - Direct internet connection detected
2024-10-08 16:05:00,141 [INFO] WebApp:220 - Starting web application
2024-10-08 16:05:00,141 [INFO] WebApp:578 - Web application path used C:\ST\STM32CubeIDE_1.15.1\STM32CubeIDE\plugins\com.st.stm32cube.common.mx_6.12.0.202406281431\db\plugins\mcufinder\reactClient1\index.html
2024-10-08 16:05:00,239 [INFO] WebApp:186 - Connection restablished
2024-10-08 16:05:00,264 [INFO] UserAuth:417 - Internet connection configuration mode: 1
2024-10-08 16:05:06,876 [ERROR] LogOutputStream:75 - [STDERR_REDIRECT] 
